<?xml version="1.0" encoding="UTF-8"?>
<!-- Generated by org.testng.reporters.JUnitReportReporter -->
<testsuite hostname="DESKTOP-59SE96V" failures="1" tests="4" name="testCase.ManageOfferCodeTest" time="44.651" errors="0" timestamp="2023-11-09T11:52:55 IST" skipped="3">
  <testcase classname="testCase.ManageOfferCodeTest" name="verifyEditOfferCode" time="10.239">
    <skipped/>
  </testcase> <!-- verifyEditOfferCode -->
  <testcase classname="testCase.ManageOfferCodeTest" name="verifyEditOfferCode" time="12.685">
    <skipped/>
  </testcase> <!-- verifyEditOfferCode -->
  <testcase classname="testCase.ManageOfferCodeTest" name="verifyEditOfferCode" time="12.242">
    <skipped/>
  </testcase> <!-- verifyEditOfferCode -->
  <testcase classname="testCase.ManageOfferCodeTest" name="verifyEditOfferCode" time="9.485">
    <failure message=":OfferCode entered is incorrect did not expect [TestOfferCD927] but found [TestOfferCD927]" type="java.lang.AssertionError">
      <![CDATA[java.lang.AssertionError: :OfferCode entered is incorrect did not expect [TestOfferCD927] but found [TestOfferCD927]
at org.testng.Assert.fail(Assert.java:111)
at org.testng.Assert.failEquals(Assert.java:1582)
at org.testng.Assert.assertNotEqualsImpl(Assert.java:157)
at org.testng.Assert.assertNotEquals(Assert.java:2198)
at testCase.ManageOfferCodeTest.verifyEditOfferCode(ManageOfferCodeTest.java:33)
at java.base/jdk.internal.reflect.NativeMethodAccessorImpl.invoke0(Native Method)
at java.base/jdk.internal.reflect.NativeMethodAccessorImpl.invoke(NativeMethodAccessorImpl.java:77)
at java.base/jdk.internal.reflect.DelegatingMethodAccessorImpl.invoke(DelegatingMethodAccessorImpl.java:43)
at java.base/java.lang.reflect.Method.invoke(Method.java:568)
at org.testng.internal.invokers.MethodInvocationHelper.invokeMethod(MethodInvocationHelper.java:139)
at org.testng.internal.invokers.TestInvoker.invokeMethod(TestInvoker.java:664)
at org.testng.internal.invokers.TestInvoker.retryFailed(TestInvoker.java:248)
at org.testng.internal.invokers.MethodRunner.runInSequence(MethodRunner.java:62)
at org.testng.internal.invokers.TestInvoker$MethodInvocationAgent.invoke(TestInvoker.java:957)
at org.testng.internal.invokers.TestInvoker.invokeTestMethods(TestInvoker.java:200)
at org.testng.internal.invokers.TestMethodWorker.invokeTestMethods(TestMethodWorker.java:148)
at org.testng.internal.invokers.TestMethodWorker.run(TestMethodWorker.java:128)
at java.base/java.util.ArrayList.forEach(ArrayList.java:1511)
at org.testng.TestRunner.privateRun(TestRunner.java:848)
at org.testng.TestRunner.run(TestRunner.java:621)
at org.testng.SuiteRunner.runTest(SuiteRunner.java:443)
at org.testng.SuiteRunner$SuiteWorker.run(SuiteRunner.java:481)
at org.testng.internal.thread.ThreadUtil.lambda$execute$0(ThreadUtil.java:58)
at java.base/java.util.concurrent.FutureTask.run(FutureTask.java:264)
at java.base/java.util.concurrent.ThreadPoolExecutor.runWorker(ThreadPoolExecutor.java:1136)
at java.base/java.util.concurrent.ThreadPoolExecutor$Worker.run(ThreadPoolExecutor.java:635)
at java.base/java.lang.Thread.run(Thread.java:833)
]]>
    </failure>
  </testcase> <!-- verifyEditOfferCode -->
</testsuite> <!-- testCase.ManageOfferCodeTest -->
